<?xml version="1.0" encoding="UTF-8"?>
<testng-results skipped="0" failed="0" ignored="0" total="1" passed="1">
  <reporter-output>
    <line>
      <![CDATA[[Chrome browser launced sucessfully.]]]>
    </line>
  </reporter-output>
  <suite name="Default suite" duration-ms="16805" started-at="2020-04-12T09:12:10Z" finished-at="2020-04-12T09:12:27Z">
    <groups>
    </groups>
    <test name="Default test" duration-ms="16805" started-at="2020-04-12T09:12:10Z" finished-at="2020-04-12T09:12:27Z">
      <class name="com.tricentis.demoshop.tests.TestDummySmokeTest">
        <test-method status="PASS" signature="beforeClass()[pri:0, instance:com.tricentis.demoshop.tests.TestDummySmokeTest@d8355a8]" name="beforeClass" is-config="true" duration-ms="11407" started-at="2020-04-12T09:12:10Z" finished-at="2020-04-12T09:12:21Z">
          <reporter-output>
            <line>
              <![CDATA[[Chrome browser launced sucessfully.]]]>
            </line>
          </reporter-output>
        </test-method> <!-- beforeClass -->
        <test-method status="PASS" signature="f()[pri:0, instance:com.tricentis.demoshop.tests.TestDummySmokeTest@d8355a8]" name="f" duration-ms="4341" started-at="2020-04-12T09:12:21Z" finished-at="2020-04-12T09:12:26Z">
          <reporter-output>
          </reporter-output>
        </test-method> <!-- f -->
        <test-method status="PASS" signature="afterTest()[pri:0, instance:com.tricentis.demoshop.tests.TestDummySmokeTest@d8355a8]" name="afterTest" is-config="true" duration-ms="1012" started-at="2020-04-12T09:12:26Z" finished-at="2020-04-12T09:12:27Z">
          <reporter-output>
          </reporter-output>
        </test-method> <!-- afterTest -->
      </class> <!-- com.tricentis.demoshop.tests.TestDummySmokeTest -->
    </test> <!-- Default test -->
  </suite> <!-- Default suite -->
</testng-results>
