<?xml version="1.0" encoding="UTF-8"?>
<!-- Generated by org.testng.reporters.JUnitXMLReporter -->
<testsuite hostname="DESKTOP-BVP45BD" ignored="1" name="Smoke Test Execution" tests="1" failures="0" timestamp="05 Apr 2020 18:21:03 GMT" time="30.99" errors="0">
  <testcase name="smoke_tc_01" time="8.042" classname="com.tricentis.demoshop.tests.SmokeTest"/>
  <testcase name="smoke_tc_02" time="0.0" classname="com.tricentis.demoshop.tests.SmokeTest">
    <ignored/>
  </testcase> <!-- smoke_tc_02 -->
</testsuite> <!-- Smoke Test Execution -->
