<?xml version="1.0" encoding="UTF-8"?>
<!-- Generated by org.testng.reporters.JUnitXMLReporter -->
<testsuite hostname="DESKTOP-BVP45BD" ignored="2" name="Regression Test Execution" tests="2" failures="0" timestamp="05 Apr 2020 08:49:46 GMT" time="25.624" errors="0">
  <testcase name="books_tc_01" time="8.28" classname="com.tricentis.demoshop.tests.Books_Regression"/>
  <testcase name="computers_tc_01" time="4.475" classname="com.tricentis.demoshop.tests.Computers_Regression"/>
  <testcase name="@BeforeTest beforeTest" time="0.0" classname="com.tricentis.demoshop.tests.BaseTest">
    <ignored/>
  </testcase> <!-- @BeforeTest beforeTest -->
  <testcase name="@AfterTest afterTest" time="0.0" classname="com.tricentis.demoshop.tests.BaseTest">
    <ignored/>
  </testcase> <!-- @AfterTest afterTest -->
</testsuite> <!-- Regression Test Execution -->
